[2025-07-02 20:00:14] Starting LibPolyCall include path standardization
[2025-07-02 20:00:14] Project root: /mnt/c/Users/OBINexus/Projects/libpolycall/scripts
[2025-07-02 20:00:14] Scripts directory: /mnt/c/Users/OBINexus/Projects/libpolycall/scripts/adhoc
[2025-07-02 20:00:14] Step 1/4: Validating current include paths
2025-07-02 20:00:14,945 - ERROR - Include directory not found: /mnt/c/Users/OBINexus/Projects/libpolycall/scripts/include
2025-07-02 20:00:14,946 - ERROR - No header files found
[2025-07-02 20:00:14] Step 2/4: Standardizing include paths
2025-07-02 20:00:14,998 - INFO - Creating backup in /mnt/c/Users/OBINexus/Projects/libpolycall/scripts/backup_20250702_200014
2025-07-02 20:00:14,998 - INFO - Backup completed
2025-07-02 20:00:14,999 - INFO - Found 0 files to process
2025-07-02 20:00:14,999 - ERROR - No files found to process
2025-07-02 20:00:15,000 - INFO - JSON report written to /mnt/c/Users/OBINexus/Projects/libpolycall/scripts/logs/include_report_20250702_200014.json
[2025-07-02 20:00:15] Step 3/4: Verifying changes
2025-07-02 20:00:15,053 - ERROR - Include directory not found: /mnt/c/Users/OBINexus/Projects/libpolycall/scripts/include
2025-07-02 20:00:15,053 - ERROR - No header files found
[2025-07-02 20:00:15] Step 4/4: Fixing any remaining issues
2025-07-02 20:00:15,104 - ERROR - Include directory not found: /mnt/c/Users/OBINexus/Projects/libpolycall/scripts/include
2025-07-02 20:00:15,104 - ERROR - No header files found
[2025-07-02 20:00:15] Step 5/5: Fixing implementation-specific includes
2025-07-02 20:00:15,161 - WARNING - Include directory not found: /mnt/c/Users/OBINexus/Projects/libpolycall/scripts/include
2025-07-02 20:00:15,161 - ERROR - Source directory not found: /mnt/c/Users/OBINexus/Projects/libpolycall/scripts/src
2025-07-02 20:00:15,161 - ERROR - No implementation files found
2025-07-02 20:00:15,211 - ERROR - Include directory not found: /mnt/c/Users/OBINexus/Projects/libpolycall/scripts/include
2025-07-02 20:00:15,211 - ERROR - No header files found
[2025-07-02 20:00:15] Include path standardization completed
[2025-07-02 20:00:15] Summary:
[2025-07-02 20:00:15]   - Initial validation: /mnt/c/Users/OBINexus/Projects/libpolycall/scripts/logs/validation_before_20250702_200014.log
[2025-07-02 20:00:15]   - Standardization report: /mnt/c/Users/OBINexus/Projects/libpolycall/scripts/logs/include_report_20250702_200014.json
[2025-07-02 20:00:15]   - Final validation: /mnt/c/Users/OBINexus/Projects/libpolycall/scripts/logs/validation_final_20250702_200014.log
[2025-07-02 20:00:15]   - Complete log: /mnt/c/Users/OBINexus/Projects/libpolycall/scripts/logs/include_fix_20250702_200014.log
